0 info it worked if it ends with ok
1 verbose cli [ 'D:\\nodejs\\node.exe',
1 verbose cli   'D:\\nodejs\\node_modules\\npm\\bin\\npm-cli.js',
1 verbose cli   'run',
1 verbose cli   'serve',
1 verbose cli   '--scripts-prepend-node-path=auto' ]
2 info using npm@2.15.1
3 info using node@v0.12.16
4 verbose run-script [ 'preserve', 'serve', 'postserve' ]
5 info preserve xunta@0.1.0
6 info serve xunta@0.1.0
7 verbose unsafe-perm in lifecycle true
8 info xunta@0.1.0 Failed to exec serve script
9 verbose stack Error: xunta@0.1.0 serve: `vue-cli-service serve`
9 verbose stack Exit status 1
9 verbose stack     at EventEmitter.<anonymous> (D:\nodejs\node_modules\npm\lib\utils\lifecycle.js:217:16)
9 verbose stack     at EventEmitter.emit (events.js:110:17)
9 verbose stack     at ChildProcess.<anonymous> (D:\nodejs\node_modules\npm\lib\utils\spawn.js:24:14)
9 verbose stack     at ChildProcess.emit (events.js:110:17)
9 verbose stack     at maybeClose (child_process.js:1019:16)
9 verbose stack     at Process.ChildProcess._handle.onexit (child_process.js:1091:5)
10 verbose pkgid xunta@0.1.0
11 verbose cwd D:\毕业设计\众里寻他\springboot\vue
12 error Windows_NT 10.0.22621
13 error argv "D:\\nodejs\\node.exe" "D:\\nodejs\\node_modules\\npm\\bin\\npm-cli.js" "run" "serve" "--scripts-prepend-node-path=auto"
14 error node v0.12.16
15 error npm  v2.15.1
16 error code ELIFECYCLE
17 error xunta@0.1.0 serve: `vue-cli-service serve`
17 error Exit status 1
18 error Failed at the xunta@0.1.0 serve script 'vue-cli-service serve'.
18 error This is most likely a problem with the xunta package,
18 error not with npm itself.
18 error Tell the author that this fails on your system:
18 error     vue-cli-service serve
18 error You can get information on how to open an issue for this project with:
18 error     npm bugs xunta
18 error Or if that isn't available, you can get their info via:
18 error
18 error     npm owner ls xunta
18 error There is likely additional logging output above.
19 verbose exit [ 1, true ]
